c:\users\potatoe\documents\school\college\year 2018\heop spring 2018\intro_to_games\cs3113\project_template\windows\nyucodebase\nyucodebase\debug\vc141.pdb
c:\users\potatoe\documents\school\college\year 2018\heop spring 2018\intro_to_games\cs3113\project_template\windows\nyucodebase\nyucodebase\debug\vc141.idb
c:\users\potatoe\documents\school\college\year 2018\heop spring 2018\intro_to_games\cs3113\project_template\windows\nyucodebase\nyucodebase\debug\main.obj
c:\users\potatoe\documents\school\college\year 2018\heop spring 2018\intro_to_games\cs3113\project_template\windows\nyucodebase\nyucodebase\debug\matrix.obj
c:\users\potatoe\documents\school\college\year 2018\heop spring 2018\intro_to_games\cs3113\project_template\windows\nyucodebase\nyucodebase\debug\shaderprogram.obj
c:\users\potatoe\documents\school\college\year 2018\heop spring 2018\intro_to_games\cs3113_hw\hw1\nyucodebase\debug\vc141.pdb
c:\users\potatoe\documents\school\college\year 2018\heop spring 2018\intro_to_games\cs3113_hw\hw1\nyucodebase\debug\vc141.idb
c:\users\potatoe\documents\school\college\year 2018\heop spring 2018\intro_to_games\cs3113_hw\hw1\nyucodebase\debug\main.obj
c:\users\potatoe\documents\school\college\year 2018\heop spring 2018\intro_to_games\cs3113_hw\hw1\nyucodebase\debug\matrix.obj
c:\users\potatoe\documents\school\college\year 2018\heop spring 2018\intro_to_games\cs3113_hw\hw1\nyucodebase\debug\shaderprogram.obj
c:\users\potatoe\documents\school\college\year 2018\heop spring 2018\intro_to_games\cs3113_hw\hw2\nyucodebase\debug\vc141.pdb
c:\users\potatoe\documents\school\college\year 2018\heop spring 2018\intro_to_games\cs3113_hw\hw2\nyucodebase\debug\vc141.idb
c:\users\potatoe\documents\school\college\year 2018\heop spring 2018\intro_to_games\cs3113_hw\hw2\nyucodebase\debug\matrix.obj
c:\users\potatoe\documents\school\college\year 2018\heop spring 2018\intro_to_games\cs3113_hw\hw2\nyucodebase\debug\shaderprogram.obj
c:\users\potatoe\documents\school\college\year 2018\heop spring 2018\intro_to_games\cs3113_hw\hw2\nyucodebase\debug\main.obj
c:\users\potatoe\documents\school\college\year 2018\heop spring 2018\intro_to_games\cs3113\project_template\windows\nyucodebase\debug\nyucodebase.ilk
c:\users\potatoe\documents\school\college\year 2018\heop spring 2018\intro_to_games\cs3113\project_template\windows\nyucodebase\debug\nyucodebase.exe
c:\users\potatoe\documents\school\college\year 2018\heop spring 2018\intro_to_games\cs3113\project_template\windows\nyucodebase\debug\nyucodebase.pdb
c:\users\potatoe\documents\school\college\year 2018\heop spring 2018\intro_to_games\cs3113_hw\hw1\debug\nyucodebase.exe
c:\users\potatoe\documents\school\college\year 2018\heop spring 2018\intro_to_games\cs3113_hw\hw1\debug\nyucodebase.ilk
c:\users\potatoe\documents\school\college\year 2018\heop spring 2018\intro_to_games\cs3113_hw\hw1\debug\nyucodebase.pdb
c:\users\potatoe\documents\school\college\year 2018\heop spring 2018\intro_to_games\cs3113_hw\hw2\debug\nyucodebase.exe
c:\users\potatoe\documents\school\college\year 2018\heop spring 2018\intro_to_games\cs3113_hw\hw2\debug\nyucodebase.ilk
c:\users\potatoe\documents\school\college\year 2018\heop spring 2018\intro_to_games\cs3113_hw\hw2\debug\nyucodebase.pdb
c:\users\potatoe\documents\school\college\year 2018\heop spring 2018\intro_to_games\cs3113_hw\hw2\nyucodebase\debug\nyucodebase.tlog\cl.command.1.tlog
c:\users\potatoe\documents\school\college\year 2018\heop spring 2018\intro_to_games\cs3113_hw\hw2\nyucodebase\debug\nyucodebase.tlog\cl.read.1.tlog
c:\users\potatoe\documents\school\college\year 2018\heop spring 2018\intro_to_games\cs3113_hw\hw2\nyucodebase\debug\nyucodebase.tlog\cl.write.1.tlog
c:\users\potatoe\documents\school\college\year 2018\heop spring 2018\intro_to_games\cs3113_hw\hw2\nyucodebase\debug\nyucodebase.tlog\link.command.1.tlog
c:\users\potatoe\documents\school\college\year 2018\heop spring 2018\intro_to_games\cs3113_hw\hw2\nyucodebase\debug\nyucodebase.tlog\link.read.1.tlog
c:\users\potatoe\documents\school\college\year 2018\heop spring 2018\intro_to_games\cs3113_hw\hw2\nyucodebase\debug\nyucodebase.tlog\link.write.1.tlog
